2021-06-26 02:31:50.825  INFO 15188 --- [main] .d.i.s.SpringBootSemesterWorkApplication : Starting SpringBootSemesterWorkApplication using Java 1.8.0_291 on DESKTOP-5JEF6DV with PID 15188 (Z:\_PROGRAMMING_\Java\JavaLab\_SpringBootSemesterWork_\target\classes started by danch in Z:\_PROGRAMMING_\Java\JavaLab\_SpringBootSemesterWork_)
2021-06-26 02:31:50.836  INFO 15188 --- [main] .d.i.s.SpringBootSemesterWorkApplication : The following profiles are active: dev
2021-06-26 02:31:51.557  WARN 15188 --- [background-preinit] o.s.h.c.j.Jackson2ObjectMapperBuilder    : For Jackson Kotlin classes support please add "com.fasterxml.jackson.module:jackson-module-kotlin" to the classpath
2021-06-26 02:31:53.082  INFO 15188 --- [main] .s.d.r.c.RepositoryConfigurationDelegate : Bootstrapping Spring Data JPA repositories in DEFAULT mode.
2021-06-26 02:31:53.359  INFO 15188 --- [main] .s.d.r.c.RepositoryConfigurationDelegate : Finished Spring Data repository scanning in 152 ms. Found 5 JPA repository interfaces.
2021-06-26 02:31:54.195  INFO 15188 --- [main] trationDelegate$BeanPostProcessorChecker : Bean 'org.springframework.security.access.expression.method.DefaultMethodSecurityExpressionHandler@46678e49' of type [org.springframework.security.access.expression.method.DefaultMethodSecurityExpressionHandler] is not eligible for getting processed by all BeanPostProcessors (for example: not eligible for auto-proxying)
2021-06-26 02:31:54.204  INFO 15188 --- [main] trationDelegate$BeanPostProcessorChecker : Bean 'methodSecurityMetadataSource' of type [org.springframework.security.access.method.DelegatingMethodSecurityMetadataSource] is not eligible for getting processed by all BeanPostProcessors (for example: not eligible for auto-proxying)
2021-06-26 02:31:54.736  INFO 15188 --- [main] o.s.b.w.embedded.tomcat.TomcatWebServer  : Tomcat initialized with port(s): 8080 (http)
2021-06-26 02:31:54.762  INFO 15188 --- [main] o.apache.catalina.core.StandardService   : Starting service [Tomcat]
2021-06-26 02:31:54.764  INFO 15188 --- [main] org.apache.catalina.core.StandardEngine  : Starting Servlet engine: [Apache Tomcat/9.0.45]
2021-06-26 02:31:54.962  INFO 15188 --- [main] o.a.c.c.C.[Tomcat].[localhost].[/]       : Initializing Spring embedded WebApplicationContext
2021-06-26 02:31:54.962  INFO 15188 --- [main] w.s.c.ServletWebServerApplicationContext : Root WebApplicationContext: initialization completed in 3995 ms
2021-06-26 02:31:55.214  INFO 15188 --- [main] com.zaxxer.hikari.HikariDataSource       : HikariPool-1 - Starting...
2021-06-26 02:31:56.536  INFO 15188 --- [main] com.zaxxer.hikari.HikariDataSource       : HikariPool-1 - Start completed.
2021-06-26 02:31:56.803  INFO 15188 --- [main] o.hibernate.jpa.internal.util.LogHelper  : HHH000204: Processing PersistenceUnitInfo [name: default]
2021-06-26 02:31:56.892  INFO 15188 --- [main] org.hibernate.Version                    : HHH000412: Hibernate ORM core version 5.4.30.Final
2021-06-26 02:31:57.169  INFO 15188 --- [main] o.hibernate.annotations.common.Version   : HCANN000001: Hibernate Commons Annotations {5.1.2.Final}
2021-06-26 02:31:57.426  INFO 15188 --- [main] org.hibernate.dialect.Dialect            : HHH000400: Using dialect: org.hibernate.dialect.PostgreSQL10Dialect
2021-06-26 02:32:00.098  INFO 15188 --- [main] o.h.e.t.j.p.i.JtaPlatformInitiator       : HHH000490: Using JtaPlatform implementation: [org.hibernate.engine.transaction.jta.platform.internal.NoJtaPlatform]
2021-06-26 02:32:00.114  INFO 15188 --- [main] j.LocalContainerEntityManagerFactoryBean : Initialized JPA EntityManagerFactory for persistence unit 'default'
2021-06-26 02:32:01.566  WARN 15188 --- [main] JpaBaseConfiguration$JpaWebConfiguration : spring.jpa.open-in-view is enabled by default. Therefore, database queries may be performed during view rendering. Explicitly configure spring.jpa.open-in-view to disable this warning
2021-06-26 02:32:03.313  INFO 15188 --- [main] o.s.s.web.DefaultSecurityFilterChain     : Will secure any request with [org.springframework.security.web.context.request.async.WebAsyncManagerIntegrationFilter@3c8fe8ad, org.springframework.security.web.context.SecurityContextPersistenceFilter@5a6efe33, org.springframework.security.web.header.HeaderWriterFilter@49a06087, org.springframework.security.web.csrf.CsrfFilter@57b33c29, org.springframework.security.web.authentication.logout.LogoutFilter@5fe3b058, ru.kpfu.itis.daniyar.idrisov.springbootsemesterwork.security.oauth.GitHubOauthAuthenticationFilter@69ffdaa8, org.springframework.security.web.authentication.UsernamePasswordAuthenticationFilter@1f75fd1d, org.springframework.security.web.savedrequest.RequestCacheAwareFilter@71668a67, org.springframework.security.web.servletapi.SecurityContextHolderAwareRequestFilter@1a06602f, org.springframework.security.web.authentication.rememberme.RememberMeAuthenticationFilter@197d5a87, org.springframework.security.web.authentication.AnonymousAuthenticationFilter@43d6262c, org.springframework.security.web.session.SessionManagementFilter@43b4ec0c, org.springframework.security.web.access.ExceptionTranslationFilter@1eb9d69a]
2021-06-26 02:32:06.075  INFO 15188 --- [main] o.s.b.w.embedded.tomcat.TomcatWebServer  : Tomcat started on port(s): 8080 (http) with context path ''
2021-06-26 02:32:06.306  INFO 15188 --- [main] s.a.ScheduledAnnotationBeanPostProcessor : No TaskScheduler/ScheduledExecutorService bean found for scheduled processing
2021-06-26 02:32:06.474  INFO 15188 --- [main] .d.i.s.SpringBootSemesterWorkApplication : Started SpringBootSemesterWorkApplication in 16.789 seconds (JVM running for 19.055)
2021-06-26 02:32:13.557  INFO 15188 --- [http-nio-8080-exec-1] o.a.c.c.C.[Tomcat].[localhost].[/]       : Initializing Spring DispatcherServlet 'dispatcherServlet'
2021-06-26 02:32:13.557  INFO 15188 --- [http-nio-8080-exec-1] o.s.web.servlet.DispatcherServlet        : Initializing Servlet 'dispatcherServlet'
2021-06-26 02:32:13.560  INFO 15188 --- [http-nio-8080-exec-1] o.s.web.servlet.DispatcherServlet        : Completed initialization in 3 ms
2021-06-26 02:32:30.279  INFO 15188 --- [http-nio-8080-exec-3] r.k.i.d.i.s.aspects.LoggingAspect        : {Username = 'anonymousUser', Method: 'catalogPage()', Date: 'Sat Jun 26 02:32:30 MSK 2021'}
2021-06-26 02:32:45.834  INFO 15188 --- [http-nio-8080-exec-7] r.k.i.d.i.s.aspects.LoggingAspect        : {Username = 'anonymousUser', Method: 'catalogPage()', Date: 'Sat Jun 26 02:32:45 MSK 2021'}
2021-06-26 02:32:48.443  INFO 15188 --- [http-nio-8080-exec-5] r.k.i.d.i.s.aspects.LoggingAspect        : {Username = 'anonymousUser', Method: 'catalogPage()', Date: 'Sat Jun 26 02:32:48 MSK 2021'}
2021-06-26 02:32:56.801  INFO 15188 --- [http-nio-8080-exec-5] r.k.i.d.i.s.aspects.LoggingAspect        : {Username = 'anonymousUser', Method: 'catalogPage()', Date: 'Sat Jun 26 02:32:56 MSK 2021'}
